<?xml version="1.0" encoding="UTF-8"?>
<robot generator="Robot 7.1 (Python 3.12.3 on win32)" generated="2024-10-04T11:35:04.769564" rpa="false" schemaversion="5">
<suite id="s1" source="c:\Users\suppo\Documents\nathan\testing-sdv\test\_.robot">
<test id="s1-t1" name="Test il est possible de cliquer sur un bouton metro" line="42">
<kw name="Open Home">
<kw name="Create Firefox Options">
<kw name="Evaluate" owner="BuiltIn">
<msg time="2024-10-04T11:35:05.080868" level="INFO">${FIREFOX_OPTIONS} = &lt;selenium.webdriver.firefox.options.Options object at 0x00000182B9137350&gt;</msg>
<var>${FIREFOX_OPTIONS}</var>
<arg>sys.modules['selenium.webdriver'].FirefoxOptions()</arg>
<arg>sys, selenium.webdriver</arg>
<doc>Evaluates the given expression in Python and returns the result.</doc>
<status status="PASS" start="2024-10-04T11:35:05.080868" elapsed="0.014000"/>
</kw>
<kw name="Call Method" owner="BuiltIn">
<arg>${FIREFOX_OPTIONS}</arg>
<arg>add_argument</arg>
<arg>-headless</arg>
<doc>Calls the named method of the given object with the provided arguments.</doc>
<status status="PASS" start="2024-10-04T11:35:05.094868" elapsed="0.000000"/>
</kw>
<kw name="Call Method" owner="BuiltIn">
<arg>${FIREFOX_OPTIONS}</arg>
<arg>set_preference</arg>
<arg>geo.enabled</arg>
<arg>${TRUE}</arg>
<doc>Calls the named method of the given object with the provided arguments.</doc>
<status status="PASS" start="2024-10-04T11:35:05.094868" elapsed="0.000000"/>
</kw>
<kw name="Call Method" owner="BuiltIn">
<arg>${FIREFOX_OPTIONS}</arg>
<arg>set_preference</arg>
<arg>geo.provider.use_corelocation</arg>
<arg>${TRUE}</arg>
<doc>Calls the named method of the given object with the provided arguments.</doc>
<status status="PASS" start="2024-10-04T11:35:05.096360" elapsed="0.000000"/>
</kw>
<kw name="Call Method" owner="BuiltIn">
<arg>${FIREFOX_OPTIONS}</arg>
<arg>set_preference</arg>
<arg>geo.prompt.testing</arg>
<arg>${TRUE}</arg>
<doc>Calls the named method of the given object with the provided arguments.</doc>
<status status="PASS" start="2024-10-04T11:35:05.096360" elapsed="0.000000"/>
</kw>
<kw name="Call Method" owner="BuiltIn">
<arg>${FIREFOX_OPTIONS}</arg>
<arg>set_preference</arg>
<arg>geo.prompt.testing.allow</arg>
<arg>${TRUE}</arg>
<doc>Calls the named method of the given object with the provided arguments.</doc>
<status status="PASS" start="2024-10-04T11:35:05.097368" elapsed="0.000000"/>
</kw>
<return>
<value>${FIREFOX_OPTIONS}</value>
<status status="PASS" start="2024-10-04T11:35:05.098393" elapsed="0.000000"/>
</return>
<msg time="2024-10-04T11:35:05.098393" level="INFO">${FIREFOX_OPTIONS} = &lt;selenium.webdriver.firefox.options.Options object at 0x00000182B9137350&gt;</msg>
<var>${FIREFOX_OPTIONS}</var>
<status status="PASS" start="2024-10-04T11:35:05.079867" elapsed="0.018526"/>
</kw>
<kw name="Open Browser" owner="SeleniumLibrary">
<msg time="2024-10-04T11:35:05.099374" level="INFO">Opening browser 'Firefox' to base url 'https://rats.nathansakkriou.com'.</msg>
<arg>${Site URL}</arg>
<arg>${Browser}</arg>
<arg>options=${FIREFOX_OPTIONS}</arg>
<doc>Opens a new browser instance to the optional ``url``.</doc>
<status status="PASS" start="2024-10-04T11:35:05.099374" elapsed="5.850398"/>
</kw>
<kw name="Wait Until Page Contains" owner="SeleniumLibrary">
<arg>Poterie</arg>
<doc>Waits until ``text`` appears on the current page.</doc>
<status status="PASS" start="2024-10-04T11:35:10.949772" elapsed="2.050047"/>
</kw>
<status status="PASS" start="2024-10-04T11:35:05.078866" elapsed="7.920953"/>
</kw>
<kw name="Click station du park relais">
<kw name="Click Button" owner="SeleniumLibrary">
<msg time="2024-10-04T11:35:13.000818" level="INFO">Clicking button 'xpath=//*[@id=""]/div/button[2]'.</msg>
<msg time="2024-10-04T11:35:13.027005" level="INFO" html="true">&lt;/td&gt;&lt;/tr&gt;&lt;tr&gt;&lt;td colspan="3"&gt;&lt;a href="selenium-screenshot-1.png"&gt;&lt;img src="selenium-screenshot-1.png" width="800px"&gt;&lt;/a&gt;</msg>
<msg time="2024-10-04T11:35:13.028387" level="FAIL">Button with locator 'xpath=//*[@id=""]/div/button[2]' not found.</msg>
<arg>xpath=//*[@id="${PARK_ID}"]/div/button[2]</arg>
<doc>Clicks the button identified by ``locator``.</doc>
<status status="FAIL" start="2024-10-04T11:35:13.000818" elapsed="0.030855">Button with locator 'xpath=//*[@id=""]/div/button[2]' not found.</status>
</kw>
<arg>${park_id}</arg>
<status status="FAIL" start="2024-10-04T11:35:12.999819" elapsed="0.031854">Button with locator 'xpath=//*[@id=""]/div/button[2]' not found.</status>
</kw>
<kw name="Click Button" owner="SeleniumLibrary">
<arg>xpath=//*[@id="metro"]/button[1]</arg>
<doc>Clicks the button identified by ``locator``.</doc>
<status status="NOT RUN" start="2024-10-04T11:35:13.032681" elapsed="0.000000"/>
</kw>
<kw name="${url}= Get Location">
<status status="NOT RUN" start="2024-10-04T11:35:13.032681" elapsed="0.001021"/>
</kw>
<kw name="Should Contain" owner="BuiltIn">
<arg>${url}</arg>
<arg>"maps.gooogle.com"</arg>
<doc>Fails if ``container`` does not contain ``item`` one or more times.</doc>
<status status="NOT RUN" start="2024-10-04T11:35:13.033702" elapsed="0.000000"/>
</kw>
<kw name="Close Test">
<status status="NOT RUN" start="2024-10-04T11:35:13.034711" elapsed="0.000000"/>
</kw>
<status status="FAIL" start="2024-10-04T11:35:05.077869" elapsed="7.956842">Button with locator 'xpath=//*[@id=""]/div/button[2]' not found.</status>
</test>
<status status="FAIL" start="2024-10-04T11:35:04.794656" elapsed="8.241392"/>
</suite>
<statistics>
<total>
<stat pass="0" fail="1" skip="0">All Tests</stat>
</total>
<tag>
</tag>
<suite>
<stat pass="0" fail="1" skip="0" id="s1"/>
</suite>
</statistics>
<errors>
</errors>
</robot>
